<?xml version="1.0" encoding="UTF-8"?>
<!-- Generated by org.testng.reporters.JUnitReportReporter -->
<testsuite skipped="0" hostname="BTLIMS19" name="testcases.TC001_LoginLogout" tests="5" failures="0" timestamp="09 Mar 2019 00:51:04 GMT" time="41.195" errors="0">
  <testcase name="EmptyUsernameAndValidPassword" time="8.087" classname="testcases.TC001_LoginLogout"/>
  <testcase name="ValidUsernameAndInValidPassword" time="7.951" classname="testcases.TC001_LoginLogout"/>
  <testcase name="ValidUsernameAndEmptyPassword" time="8.009" classname="testcases.TC001_LoginLogout"/>
  <testcase name="ValidUsernameAndPassword" time="9.446" classname="testcases.TC001_LoginLogout"/>
  <testcase name="InValidUsernameAndValidPassword" time="7.702" classname="testcases.TC001_LoginLogout"/>
</testsuite> <!-- testcases.TC001_LoginLogout -->
